[0.089s] DEBUG:colcon:Command line arguments: ['/usr/bin/colcon', 'build', '--symlink-install']
[0.089s] DEBUG:colcon:Parsed command line arguments: Namespace(log_base=None, log_level=None, verb_name='build', build_base='build', install_base='install', merge_install=False, symlink_install=True, test_result_base=None, continue_on_error=False, executor='parallel', parallel_workers=16, event_handlers=None, ignore_user_meta=False, metas=['./colcon.meta'], base_paths=['.'], packages_ignore=None, packages_ignore_regex=None, paths=None, packages_up_to=None, packages_up_to_regex=None, packages_above=None, packages_above_and_dependencies=None, packages_above_depth=None, packages_select_by_dep=None, packages_skip_by_dep=None, packages_skip_up_to=None, packages_select_build_failed=False, packages_skip_build_finished=False, packages_select_test_failures=False, packages_skip_test_passed=False, packages_select=None, packages_skip=None, packages_select_regex=None, packages_skip_regex=None, packages_start=None, packages_end=None, allow_overriding=[], cmake_args=None, cmake_target=None, cmake_target_skip_unavailable=False, cmake_clean_cache=False, cmake_clean_first=False, cmake_force_configure=False, ament_cmake_args=None, catkin_cmake_args=None, catkin_skip_building_tests=False, mixin_files=None, mixin=None, verb_parser=<colcon_mixin.mixin.mixin_argument.MixinArgumentDecorator object at 0x7b5824bd1c00>, verb_extension=<colcon_core.verb.build.BuildVerb object at 0x7b5824cbece0>, main=<bound method BuildVerb.main of <colcon_core.verb.build.BuildVerb object at 0x7b5824cbece0>>, mixin_verb=('build',))
[0.232s] Level 1:colcon.colcon_core.package_discovery:discover_packages(colcon_meta) check parameters
[0.232s] Level 1:colcon.colcon_core.package_discovery:discover_packages(recursive) check parameters
[0.232s] Level 1:colcon.colcon_core.package_discovery:discover_packages(ignore) check parameters
[0.232s] Level 1:colcon.colcon_core.package_discovery:discover_packages(path) check parameters
[0.232s] Level 1:colcon.colcon_core.package_discovery:discover_packages(colcon_meta) discover
[0.232s] Level 1:colcon.colcon_core.package_discovery:discover_packages(recursive) discover
[0.232s] INFO:colcon.colcon_core.package_discovery:Crawling recursively for packages in '/home/robot/class_samples/ws_sim'
[0.232s] Level 1:colcon.colcon_core.package_identification:_identify(.) by extensions ['ignore', 'ignore_ament_install']
[0.232s] Level 1:colcon.colcon_core.package_identification:_identify(.) by extension 'ignore'
[0.232s] Level 1:colcon.colcon_core.package_identification:_identify(.) by extension 'ignore_ament_install'
[0.233s] Level 1:colcon.colcon_core.package_identification:_identify(.) by extensions ['colcon_pkg']
[0.233s] Level 1:colcon.colcon_core.package_identification:_identify(.) by extension 'colcon_pkg'
[0.233s] Level 1:colcon.colcon_core.package_identification:_identify(.) by extensions ['colcon_meta']
[0.233s] Level 1:colcon.colcon_core.package_identification:_identify(.) by extension 'colcon_meta'
[0.233s] Level 1:colcon.colcon_core.package_identification:_identify(.) by extensions ['ros']
[0.233s] Level 1:colcon.colcon_core.package_identification:_identify(.) by extension 'ros'
[0.239s] Level 1:colcon.colcon_core.package_identification:_identify(.) by extensions ['cmake', 'python']
[0.239s] Level 1:colcon.colcon_core.package_identification:_identify(.) by extension 'cmake'
[0.240s] Level 1:colcon.colcon_core.package_identification:_identify(.) by extension 'python'
[0.240s] Level 1:colcon.colcon_core.package_identification:_identify(.) by extensions ['python_setup_py']
[0.240s] Level 1:colcon.colcon_core.package_identification:_identify(.) by extension 'python_setup_py'
[0.240s] Level 1:colcon.colcon_core.package_identification:_identify(build) by extensions ['ignore', 'ignore_ament_install']
[0.240s] Level 1:colcon.colcon_core.package_identification:_identify(build) by extension 'ignore'
[0.240s] Level 1:colcon.colcon_core.package_identification:_identify(build) ignored
[0.240s] Level 1:colcon.colcon_core.package_identification:_identify(install) by extensions ['ignore', 'ignore_ament_install']
[0.240s] Level 1:colcon.colcon_core.package_identification:_identify(install) by extension 'ignore'
[0.240s] Level 1:colcon.colcon_core.package_identification:_identify(install) ignored
[0.240s] Level 1:colcon.colcon_core.package_identification:_identify(log) by extensions ['ignore', 'ignore_ament_install']
[0.240s] Level 1:colcon.colcon_core.package_identification:_identify(log) by extension 'ignore'
[0.240s] Level 1:colcon.colcon_core.package_identification:_identify(log) ignored
[0.240s] Level 1:colcon.colcon_core.package_identification:_identify(src) by extensions ['ignore', 'ignore_ament_install']
[0.240s] Level 1:colcon.colcon_core.package_identification:_identify(src) by extension 'ignore'
[0.240s] Level 1:colcon.colcon_core.package_identification:_identify(src) by extension 'ignore_ament_install'
[0.240s] Level 1:colcon.colcon_core.package_identification:_identify(src) by extensions ['colcon_pkg']
[0.240s] Level 1:colcon.colcon_core.package_identification:_identify(src) by extension 'colcon_pkg'
[0.240s] Level 1:colcon.colcon_core.package_identification:_identify(src) by extensions ['colcon_meta']
[0.240s] Level 1:colcon.colcon_core.package_identification:_identify(src) by extension 'colcon_meta'
[0.240s] Level 1:colcon.colcon_core.package_identification:_identify(src) by extensions ['ros']
[0.240s] Level 1:colcon.colcon_core.package_identification:_identify(src) by extension 'ros'
[0.240s] Level 1:colcon.colcon_core.package_identification:_identify(src) by extensions ['cmake', 'python']
[0.240s] Level 1:colcon.colcon_core.package_identification:_identify(src) by extension 'cmake'
[0.240s] Level 1:colcon.colcon_core.package_identification:_identify(src) by extension 'python'
[0.240s] Level 1:colcon.colcon_core.package_identification:_identify(src) by extensions ['python_setup_py']
[0.240s] Level 1:colcon.colcon_core.package_identification:_identify(src) by extension 'python_setup_py'
[0.241s] Level 1:colcon.colcon_core.package_identification:_identify(src/sim_tutorial) by extensions ['ignore', 'ignore_ament_install']
[0.241s] Level 1:colcon.colcon_core.package_identification:_identify(src/sim_tutorial) by extension 'ignore'
[0.241s] Level 1:colcon.colcon_core.package_identification:_identify(src/sim_tutorial) by extension 'ignore_ament_install'
[0.241s] Level 1:colcon.colcon_core.package_identification:_identify(src/sim_tutorial) by extensions ['colcon_pkg']
[0.241s] Level 1:colcon.colcon_core.package_identification:_identify(src/sim_tutorial) by extension 'colcon_pkg'
[0.241s] Level 1:colcon.colcon_core.package_identification:_identify(src/sim_tutorial) by extensions ['colcon_meta']
[0.241s] Level 1:colcon.colcon_core.package_identification:_identify(src/sim_tutorial) by extension 'colcon_meta'
[0.241s] Level 1:colcon.colcon_core.package_identification:_identify(src/sim_tutorial) by extensions ['ros']
[0.241s] Level 1:colcon.colcon_core.package_identification:_identify(src/sim_tutorial) by extension 'ros'
[0.242s] DEBUG:colcon.colcon_core.package_identification:Package 'src/sim_tutorial' with type 'ros.ament_python' and name 'sim_tutorial'
[0.242s] Level 1:colcon.colcon_core.package_discovery:discover_packages(recursive) using defaults
[0.243s] Level 1:colcon.colcon_core.package_discovery:discover_packages(ignore) discover
[0.243s] Level 1:colcon.colcon_core.package_discovery:discover_packages(ignore) using defaults
[0.243s] Level 1:colcon.colcon_core.package_discovery:discover_packages(path) discover
[0.243s] Level 1:colcon.colcon_core.package_discovery:discover_packages(path) using defaults
[0.259s] Level 1:colcon.colcon_core.package_discovery:discover_packages(prefix_path) check parameters
[0.259s] Level 1:colcon.colcon_core.package_discovery:discover_packages(prefix_path) discover
[0.259s] WARNING:colcon.colcon_ros.prefix_path.ament:The path '/home/robot/class_samples/ws_sim/install/sim_tutorial' in the environment variable AMENT_PREFIX_PATH doesn't exist
[0.261s] DEBUG:colcon.colcon_installed_package_information.package_discovery:Found 0 installed packages in /home/robot/class_samples/ws_sim/install
[0.262s] DEBUG:colcon.colcon_installed_package_information.package_discovery:Found 35 installed packages in /home/robot/turtlebot3_ws/install
[0.262s] DEBUG:colcon.colcon_installed_package_information.package_discovery:Found 1 installed packages in /home/robot/multitb_ws/install
[0.262s] DEBUG:colcon.colcon_installed_package_information.package_discovery:Found 2 installed packages in /home/robot/class_samples/ws_car/install
[0.262s] DEBUG:colcon.colcon_installed_package_information.package_discovery:Found 2 installed packages in /home/robot/class_samples/ws_arm/install
[0.263s] DEBUG:colcon.colcon_installed_package_information.package_discovery:Found 1 installed packages in /home/robot/class_samples/ws_urdf/install
[0.263s] DEBUG:colcon.colcon_installed_package_information.package_discovery:Found 11 installed packages in /home/robot/rokeypj_ws/install
[0.263s] DEBUG:colcon.colcon_installed_package_information.package_discovery:Found 1 installed packages in /home/robot/rokeyracing_ws/install
[0.263s] DEBUG:colcon.colcon_installed_package_information.package_discovery:Found 4 installed packages in /home/robot/RH-P12-RN-A/install
[0.264s] DEBUG:colcon.colcon_installed_package_information.package_discovery:Found 27 installed packages in /home/robot/ros2_ws/install
[0.265s] DEBUG:colcon.colcon_installed_package_information.package_discovery:Found 510 installed packages in /opt/ros/humble
[0.267s] Level 1:colcon.colcon_core.package_discovery:discover_packages(prefix_path) using defaults
[0.304s] Level 5:colcon.colcon_core.verb:set package 'sim_tutorial' build argument 'cmake_args' from command line to 'None'
[0.304s] Level 5:colcon.colcon_core.verb:set package 'sim_tutorial' build argument 'cmake_target' from command line to 'None'
[0.304s] Level 5:colcon.colcon_core.verb:set package 'sim_tutorial' build argument 'cmake_target_skip_unavailable' from command line to 'False'
[0.304s] Level 5:colcon.colcon_core.verb:set package 'sim_tutorial' build argument 'cmake_clean_cache' from command line to 'False'
[0.304s] Level 5:colcon.colcon_core.verb:set package 'sim_tutorial' build argument 'cmake_clean_first' from command line to 'False'
[0.304s] Level 5:colcon.colcon_core.verb:set package 'sim_tutorial' build argument 'cmake_force_configure' from command line to 'False'
[0.304s] Level 5:colcon.colcon_core.verb:set package 'sim_tutorial' build argument 'ament_cmake_args' from command line to 'None'
[0.304s] Level 5:colcon.colcon_core.verb:set package 'sim_tutorial' build argument 'catkin_cmake_args' from command line to 'None'
[0.304s] Level 5:colcon.colcon_core.verb:set package 'sim_tutorial' build argument 'catkin_skip_building_tests' from command line to 'False'
[0.304s] DEBUG:colcon.colcon_core.verb:Building package 'sim_tutorial' with the following arguments: {'ament_cmake_args': None, 'build_base': '/home/robot/class_samples/ws_sim/build/sim_tutorial', 'catkin_cmake_args': None, 'catkin_skip_building_tests': False, 'cmake_args': None, 'cmake_clean_cache': False, 'cmake_clean_first': False, 'cmake_force_configure': False, 'cmake_target': None, 'cmake_target_skip_unavailable': False, 'install_base': '/home/robot/class_samples/ws_sim/install/sim_tutorial', 'merge_install': False, 'path': '/home/robot/class_samples/ws_sim/src/sim_tutorial', 'symlink_install': True, 'test_result_base': None}
[0.304s] INFO:colcon.colcon_core.executor:Executing jobs using 'parallel' executor
[0.305s] DEBUG:colcon.colcon_parallel_executor.executor.parallel:run_until_complete
[0.305s] INFO:colcon.colcon_ros.task.ament_python.build:Building ROS package in '/home/robot/class_samples/ws_sim/src/sim_tutorial' with build type 'ament_python'
[0.305s] Level 1:colcon.colcon_core.shell:create_environment_hook('sim_tutorial', 'ament_prefix_path')
[0.307s] INFO:colcon.colcon_core.plugin_system:Skipping extension 'colcon_core.shell.bat': Not used on non-Windows systems
[0.308s] INFO:colcon.colcon_core.shell:Creating environment hook '/home/robot/class_samples/ws_sim/install/sim_tutorial/share/sim_tutorial/hook/ament_prefix_path.ps1'
[0.308s] INFO:colcon.colcon_core.shell:Creating environment descriptor '/home/robot/class_samples/ws_sim/install/sim_tutorial/share/sim_tutorial/hook/ament_prefix_path.dsv'
[0.308s] INFO:colcon.colcon_core.shell:Creating environment hook '/home/robot/class_samples/ws_sim/install/sim_tutorial/share/sim_tutorial/hook/ament_prefix_path.sh'
[0.309s] INFO:colcon.colcon_core.shell:Skip shell extension 'powershell' for command environment: Not usable outside of PowerShell
[0.309s] DEBUG:colcon.colcon_core.shell:Skip shell extension 'dsv' for command environment
[0.549s] INFO:colcon.colcon_core.task.python.build:Building Python package in '/home/robot/class_samples/ws_sim/src/sim_tutorial'
[0.550s] INFO:colcon.colcon_core.shell:Skip shell extension 'powershell' for command environment: Not usable outside of PowerShell
[0.550s] DEBUG:colcon.colcon_core.shell:Skip shell extension 'dsv' for command environment
[0.882s] DEBUG:colcon.colcon_core.event_handler.log_command:Invoking command in '/home/robot/class_samples/ws_sim/build/sim_tutorial': PYTHONPATH=/home/robot/class_samples/ws_sim/build/sim_tutorial/prefix_override:/usr/lib/python3/dist-packages/colcon_core/task/python/colcon_distutils_commands:/home/robot/class_samples/ws_sim/install/sim_tutorial/lib/python3.10/site-packages:${PYTHONPATH} /usr/bin/python3 -W ignore:setup.py install is deprecated -W ignore:easy_install command is deprecated setup.py develop --editable --build-directory /home/robot/class_samples/ws_sim/build/sim_tutorial/build --no-deps symlink_data
[1.284s] Level 1:colcon.colcon_core.shell:create_environment_hook('sim_tutorial', 'pythonpath_develop')
[1.284s] INFO:colcon.colcon_core.shell:Creating environment hook '/home/robot/class_samples/ws_sim/build/sim_tutorial/share/sim_tutorial/hook/pythonpath_develop.ps1'
[1.285s] DEBUG:colcon.colcon_core.event_handler.log_command:Invoked command in '/home/robot/class_samples/ws_sim/build/sim_tutorial' returned '0': PYTHONPATH=/home/robot/class_samples/ws_sim/build/sim_tutorial/prefix_override:/usr/lib/python3/dist-packages/colcon_core/task/python/colcon_distutils_commands:/home/robot/class_samples/ws_sim/install/sim_tutorial/lib/python3.10/site-packages:${PYTHONPATH} /usr/bin/python3 -W ignore:setup.py install is deprecated -W ignore:easy_install command is deprecated setup.py develop --editable --build-directory /home/robot/class_samples/ws_sim/build/sim_tutorial/build --no-deps symlink_data
[1.285s] INFO:colcon.colcon_core.shell:Creating environment descriptor '/home/robot/class_samples/ws_sim/build/sim_tutorial/share/sim_tutorial/hook/pythonpath_develop.dsv'
[1.285s] INFO:colcon.colcon_core.shell:Creating environment hook '/home/robot/class_samples/ws_sim/build/sim_tutorial/share/sim_tutorial/hook/pythonpath_develop.sh'
[1.287s] Level 1:colcon.colcon_core.environment:checking '/home/robot/class_samples/ws_sim/install/sim_tutorial' for CMake module files
[1.287s] Level 1:colcon.colcon_core.environment:checking '/home/robot/class_samples/ws_sim/install/sim_tutorial' for CMake config files
[1.288s] Level 1:colcon.colcon_core.environment:checking '/home/robot/class_samples/ws_sim/install/sim_tutorial/lib'
[1.288s] Level 1:colcon.colcon_core.environment:checking '/home/robot/class_samples/ws_sim/install/sim_tutorial/bin'
[1.288s] Level 1:colcon.colcon_core.environment:checking '/home/robot/class_samples/ws_sim/install/sim_tutorial/lib/pkgconfig/sim_tutorial.pc'
[1.288s] Level 1:colcon.colcon_core.environment:checking '/home/robot/class_samples/ws_sim/install/sim_tutorial/lib/python3.10/site-packages'
[1.288s] Level 1:colcon.colcon_core.shell:create_environment_hook('sim_tutorial', 'pythonpath')
[1.288s] INFO:colcon.colcon_core.shell:Creating environment hook '/home/robot/class_samples/ws_sim/install/sim_tutorial/share/sim_tutorial/hook/pythonpath.ps1'
[1.288s] INFO:colcon.colcon_core.shell:Creating environment descriptor '/home/robot/class_samples/ws_sim/install/sim_tutorial/share/sim_tutorial/hook/pythonpath.dsv'
[1.289s] INFO:colcon.colcon_core.shell:Creating environment hook '/home/robot/class_samples/ws_sim/install/sim_tutorial/share/sim_tutorial/hook/pythonpath.sh'
[1.289s] Level 1:colcon.colcon_core.environment:checking '/home/robot/class_samples/ws_sim/install/sim_tutorial/bin'
[1.289s] Level 1:colcon.colcon_core.environment:create_environment_scripts_only(sim_tutorial)
[1.289s] INFO:colcon.colcon_core.shell:Creating package script '/home/robot/class_samples/ws_sim/install/sim_tutorial/share/sim_tutorial/package.ps1'
[1.289s] INFO:colcon.colcon_core.shell:Creating package descriptor '/home/robot/class_samples/ws_sim/install/sim_tutorial/share/sim_tutorial/package.dsv'
[1.290s] INFO:colcon.colcon_core.shell:Creating package script '/home/robot/class_samples/ws_sim/install/sim_tutorial/share/sim_tutorial/package.sh'
[1.290s] INFO:colcon.colcon_core.shell:Creating package script '/home/robot/class_samples/ws_sim/install/sim_tutorial/share/sim_tutorial/package.bash'
[1.290s] INFO:colcon.colcon_core.shell:Creating package script '/home/robot/class_samples/ws_sim/install/sim_tutorial/share/sim_tutorial/package.zsh'
[1.290s] Level 1:colcon.colcon_core.environment:create_file_with_runtime_dependencies(/home/robot/class_samples/ws_sim/install/sim_tutorial/share/colcon-core/packages/sim_tutorial)
[1.291s] DEBUG:colcon.colcon_parallel_executor.executor.parallel:closing loop
[1.291s] DEBUG:colcon.colcon_parallel_executor.executor.parallel:loop closed
[1.291s] DEBUG:colcon.colcon_parallel_executor.executor.parallel:run_until_complete finished with '0'
[1.291s] DEBUG:colcon.colcon_core.event_reactor:joining thread
[1.295s] INFO:colcon.colcon_core.plugin_system:Skipping extension 'colcon_notification.desktop_notification.terminal_notifier': Not used on non-Darwin systems
[1.295s] INFO:colcon.colcon_core.plugin_system:Skipping extension 'colcon_notification.desktop_notification.win32': Not used on non-Windows systems
[1.295s] INFO:colcon.colcon_notification.desktop_notification:Sending desktop notification using 'notify2'
[1.302s] DEBUG:colcon.colcon_core.event_reactor:joined thread
[1.302s] INFO:colcon.colcon_core.shell:Creating prefix script '/home/robot/class_samples/ws_sim/install/local_setup.ps1'
[1.303s] INFO:colcon.colcon_core.shell:Creating prefix util module '/home/robot/class_samples/ws_sim/install/_local_setup_util_ps1.py'
[1.304s] INFO:colcon.colcon_core.shell:Creating prefix chain script '/home/robot/class_samples/ws_sim/install/setup.ps1'
[1.306s] INFO:colcon.colcon_core.shell:Creating prefix script '/home/robot/class_samples/ws_sim/install/local_setup.sh'
[1.306s] INFO:colcon.colcon_core.shell:Creating prefix util module '/home/robot/class_samples/ws_sim/install/_local_setup_util_sh.py'
[1.306s] INFO:colcon.colcon_core.shell:Creating prefix chain script '/home/robot/class_samples/ws_sim/install/setup.sh'
[1.308s] INFO:colcon.colcon_core.shell:Creating prefix script '/home/robot/class_samples/ws_sim/install/local_setup.bash'
[1.308s] INFO:colcon.colcon_core.shell:Creating prefix chain script '/home/robot/class_samples/ws_sim/install/setup.bash'
[1.310s] INFO:colcon.colcon_core.shell:Creating prefix script '/home/robot/class_samples/ws_sim/install/local_setup.zsh'
[1.310s] INFO:colcon.colcon_core.shell:Creating prefix chain script '/home/robot/class_samples/ws_sim/install/setup.zsh'
